Migration failed: (in table 'item_master', column 'sku'): VARCHAR requires a length on dialect mysql

Traceback (most recent call last):
  File "C:\Users\sean\OneDrive\Documents\etsyapp\.venv\Lib\site-packages\sqlalchemy\sql\compiler.py", line 6769, in visit_create_table
    processed = self.process(
                ^^^^^^^^^^^^^
  File "C:\Users\sean\OneDrive\Documents\etsyapp\.venv\Lib\site-packages\sqlalchemy\sql\compiler.py", line 932, in process
    return obj._compiler_dispatch(self, **kwargs)
           ^^^^^^^^^^^^^^^^^^^^^^^^^^^^^^^^^^^^^^
  File "C:\Users\sean\OneDrive\Documents\etsyapp\.venv\Lib\site-packages\sqlalchemy\sql\visitors.py", line 138, in _compiler_dispatch
    return meth(self, **kw)  # type: ignore  # noqa: E501
           ^^^^^^^^^^^^^^^^
  File "C:\Users\sean\OneDrive\Documents\etsyapp\.venv\Lib\site-packages\sqlalchemy\sql\compiler.py", line 6800, in visit_create_column
    text = self.get_column_specification(column, first_pk=first_pk)
           ^^^^^^^^^^^^^^^^^^^^^^^^^^^^^^^^^^^^^^^^^^^^^^^^^^^^^^^^
  File "C:\Users\sean\OneDrive\Documents\etsyapp\.venv\Lib\site-packages\sqlalchemy\dialects\mysql\base.py", line 2021, in get_column_specification
    self.dialect.type_compiler_instance.process(
  File "C:\Users\sean\OneDrive\Documents\etsyapp\.venv\Lib\site-packages\sqlalchemy\sql\compiler.py", line 977, in process
    return type_._compiler_dispatch(self, **kw)
           ^^^^^^^^^^^^^^^^^^^^^^^^^^^^^^^^^^^^
  File "C:\Users\sean\OneDrive\Documents\etsyapp\.venv\Lib\site-packages\sqlalchemy\sql\visitors.py", line 138, in _compiler_dispatch
    return meth(self, **kw)  # type: ignore  # noqa: E501
           ^^^^^^^^^^^^^^^^
  File "C:\Users\sean\OneDrive\Documents\etsyapp\.venv\Lib\site-packages\sqlalchemy\sql\compiler.py", line 7391, in visit_string
    return self.visit_VARCHAR(type_, **kw)
           ^^^^^^^^^^^^^^^^^^^^^^^^^^^^^^^
  File "C:\Users\sean\OneDrive\Documents\etsyapp\.venv\Lib\site-packages\sqlalchemy\dialects\mysql\base.py", line 2550, in visit_VARCHAR
    raise exc.CompileError(
sqlalchemy.exc.CompileError: VARCHAR requires a length on dialect mysql

The above exception was the direct cause of the following exception:

Traceback (most recent call last):
  File "C:\Users\sean\OneDrive\Documents\etsyapp\database_manager.py", line 107, in migrate_database
    Base.metadata.create_all(bind=target_engine)
  File "C:\Users\sean\OneDrive\Documents\etsyapp\.venv\Lib\site-packages\sqlalchemy\sql\schema.py", line 5928, in create_all
    bind._run_ddl_visitor(
  File "C:\Users\sean\OneDrive\Documents\etsyapp\.venv\Lib\site-packages\sqlalchemy\engine\base.py", line 3252, in _run_ddl_visitor
    conn._run_ddl_visitor(visitorcallable, element, **kwargs)
  File "C:\Users\sean\OneDrive\Documents\etsyapp\.venv\Lib\site-packages\sqlalchemy\engine\base.py", line 2459, in _run_ddl_visitor
    ).traverse_single(element)
      ^^^^^^^^^^^^^^^^^^^^^^^^
  File "C:\Users\sean\OneDrive\Documents\etsyapp\.venv\Lib\site-packages\sqlalchemy\sql\visitors.py", line 661, in traverse_single
    return meth(obj, **kw)
           ^^^^^^^^^^^^^^^
  File "C:\Users\sean\OneDrive\Documents\etsyapp\.venv\Lib\site-packages\sqlalchemy\sql\ddl.py", line 984, in visit_metadata
    self.traverse_single(
  File "C:\Users\sean\OneDrive\Documents\etsyapp\.venv\Lib\site-packages\sqlalchemy\sql\visitors.py", line 661, in traverse_single
    return meth(obj, **kw)
           ^^^^^^^^^^^^^^^
  File "C:\Users\sean\OneDrive\Documents\etsyapp\.venv\Lib\site-packages\sqlalchemy\sql\ddl.py", line 1022, in visit_table
    )._invoke_with(self.connection)
      ^^^^^^^^^^^^^^^^^^^^^^^^^^^^^
  File "C:\Users\sean\OneDrive\Documents\etsyapp\.venv\Lib\site-packages\sqlalchemy\sql\ddl.py", line 321, in _invoke_with
    return bind.execute(self)
           ^^^^^^^^^^^^^^^^^^
  File "C:\Users\sean\OneDrive\Documents\etsyapp\.venv\Lib\site-packages\sqlalchemy\engine\base.py", line 1419, in execute
    return meth(
           ^^^^^
  File "C:\Users\sean\OneDrive\Documents\etsyapp\.venv\Lib\site-packages\sqlalchemy\sql\ddl.py", line 187, in _execute_on_connection
    return connection._execute_ddl(
           ^^^^^^^^^^^^^^^^^^^^^^^^
  File "C:\Users\sean\OneDrive\Documents\etsyapp\.venv\Lib\site-packages\sqlalchemy\engine\base.py", line 1527, in _execute_ddl
    compiled = ddl.compile(
               ^^^^^^^^^^^^
  File "C:\Users\sean\OneDrive\Documents\etsyapp\.venv\Lib\site-packages\sqlalchemy\sql\elements.py", line 311, in compile
    return self._compiler(dialect, **kw)
           ^^^^^^^^^^^^^^^^^^^^^^^^^^^^^
  File "C:\Users\sean\OneDrive\Documents\etsyapp\.venv\Lib\site-packages\sqlalchemy\sql\ddl.py", line 76, in _compiler
    return dialect.ddl_compiler(dialect, self, **kw)
           ^^^^^^^^^^^^^^^^^^^^^^^^^^^^^^^^^^^^^^^^^
  File "C:\Users\sean\OneDrive\Documents\etsyapp\.venv\Lib\site-packages\sqlalchemy\sql\compiler.py", line 886, in __init__
    self.string = self.process(self.statement, **compile_kwargs)
                  ^^^^^^^^^^^^^^^^^^^^^^^^^^^^^^^^^^^^^^^^^^^^^^
  File "C:\Users\sean\OneDrive\Documents\etsyapp\.venv\Lib\site-packages\sqlalchemy\sql\compiler.py", line 932, in process
    return obj._compiler_dispatch(self, **kwargs)
           ^^^^^^^^^^^^^^^^^^^^^^^^^^^^^^^^^^^^^^
  File "C:\Users\sean\OneDrive\Documents\etsyapp\.venv\Lib\site-packages\sqlalchemy\sql\visitors.py", line 138, in _compiler_dispatch
    return meth(self, **kw)  # type: ignore  # noqa: E501
           ^^^^^^^^^^^^^^^^
  File "C:\Users\sean\OneDrive\Documents\etsyapp\.venv\Lib\site-packages\sqlalchemy\sql\compiler.py", line 6779, in visit_create_table
    raise exc.CompileError(
sqlalchemy.exc.CompileError: (in table 'item_master', column 'sku'): VARCHAR requires a length on dialect mysql
